  Source.cpp
C:\Users\Alex\source\repos\SortBn1Laba6\SortBn1Laba6\Source.cpp(10,14): error C4996: 'fopen': This function or variable may be unsafe. Consider using fopen_s instead. To disable deprecation, use _CRT_SECURE_NO_WARNINGS. See online help for details.
C:\Users\Alex\source\repos\SortBn1Laba6\SortBn1Laba6\Source.cpp(14,13): error C4996: 'fscanf': This function or variable may be unsafe. Consider using fscanf_s instead. To disable deprecation, use _CRT_SECURE_NO_WARNINGS. See online help for details.
C:\Users\Alex\source\repos\SortBn1Laba6\SortBn1Laba6\Source.cpp(21,13): error C4996: 'fopen': This function or variable may be unsafe. Consider using fopen_s instead. To disable deprecation, use _CRT_SECURE_NO_WARNINGS. See online help for details.
C:\Users\Alex\source\repos\SortBn1Laba6\SortBn1Laba6\Source.cpp(22,14): error C4996: 'fopen': This function or variable may be unsafe. Consider using fopen_s instead. To disable deprecation, use _CRT_SECURE_NO_WARNINGS. See online help for details.
C:\Users\Alex\source\repos\SortBn1Laba6\SortBn1Laba6\Source.cpp(23,14): error C4996: 'fopen': This function or variable may be unsafe. Consider using fopen_s instead. To disable deprecation, use _CRT_SECURE_NO_WARNINGS. See online help for details.
C:\Users\Alex\source\repos\SortBn1Laba6\SortBn1Laba6\Source.cpp(24,23): error C4996: 'fscanf': This function or variable may be unsafe. Consider using fscanf_s instead. To disable deprecation, use _CRT_SECURE_NO_WARNINGS. See online help for details.
C:\Users\Alex\source\repos\SortBn1Laba6\SortBn1Laba6\Source.cpp(28,17): error C4996: 'fscanf': This function or variable may be unsafe. Consider using fscanf_s instead. To disable deprecation, use _CRT_SECURE_NO_WARNINGS. See online help for details.
C:\Users\Alex\source\repos\SortBn1Laba6\SortBn1Laba6\Source.cpp(32,17): error C4996: 'fscanf': This function or variable may be unsafe. Consider using fscanf_s instead. To disable deprecation, use _CRT_SECURE_NO_WARNINGS. See online help for details.
C:\Users\Alex\source\repos\SortBn1Laba6\SortBn1Laba6\Source.cpp(39,13): error C4996: 'fopen': This function or variable may be unsafe. Consider using fopen_s instead. To disable deprecation, use _CRT_SECURE_NO_WARNINGS. See online help for details.
C:\Users\Alex\source\repos\SortBn1Laba6\SortBn1Laba6\Source.cpp(40,14): error C4996: 'fopen': This function or variable may be unsafe. Consider using fopen_s instead. To disable deprecation, use _CRT_SECURE_NO_WARNINGS. See online help for details.
C:\Users\Alex\source\repos\SortBn1Laba6\SortBn1Laba6\Source.cpp(41,14): error C4996: 'fopen': This function or variable may be unsafe. Consider using fopen_s instead. To disable deprecation, use _CRT_SECURE_NO_WARNINGS. See online help for details.
C:\Users\Alex\source\repos\SortBn1Laba6\SortBn1Laba6\Source.cpp(42,24): error C4996: 'fscanf': This function or variable may be unsafe. Consider using fscanf_s instead. To disable deprecation, use _CRT_SECURE_NO_WARNINGS. See online help for details.
C:\Users\Alex\source\repos\SortBn1Laba6\SortBn1Laba6\Source.cpp(43,24): error C4996: 'fscanf': This function or variable may be unsafe. Consider using fscanf_s instead. To disable deprecation, use _CRT_SECURE_NO_WARNINGS. See online help for details.
C:\Users\Alex\source\repos\SortBn1Laba6\SortBn1Laba6\Source.cpp(50,21): error C4996: 'fscanf': This function or variable may be unsafe. Consider using fscanf_s instead. To disable deprecation, use _CRT_SECURE_NO_WARNINGS. See online help for details.
C:\Users\Alex\source\repos\SortBn1Laba6\SortBn1Laba6\Source.cpp(55,21): error C4996: 'fscanf': This function or variable may be unsafe. Consider using fscanf_s instead. To disable deprecation, use _CRT_SECURE_NO_WARNINGS. See online help for details.
C:\Users\Alex\source\repos\SortBn1Laba6\SortBn1Laba6\Source.cpp(61,17): error C4996: 'fscanf': This function or variable may be unsafe. Consider using fscanf_s instead. To disable deprecation, use _CRT_SECURE_NO_WARNINGS. See online help for details.
C:\Users\Alex\source\repos\SortBn1Laba6\SortBn1Laba6\Source.cpp(66,17): error C4996: 'fscanf': This function or variable may be unsafe. Consider using fscanf_s instead. To disable deprecation, use _CRT_SECURE_NO_WARNINGS. See online help for details.
C:\Users\Alex\source\repos\SortBn1Laba6\SortBn1Laba6\Source.cpp(72,13): error C4996: 'fscanf': This function or variable may be unsafe. Consider using fscanf_s instead. To disable deprecation, use _CRT_SECURE_NO_WARNINGS. See online help for details.
C:\Users\Alex\source\repos\SortBn1Laba6\SortBn1Laba6\Source.cpp(76,13): error C4996: 'fscanf': This function or variable may be unsafe. Consider using fscanf_s instead. To disable deprecation, use _CRT_SECURE_NO_WARNINGS. See online help for details.
C:\Users\Alex\source\repos\SortBn1Laba6\SortBn1Laba6\Source.cpp(6,31): warning C4101: tmp: неиспользованная локальная переменная
C:\Users\Alex\source\repos\SortBn1Laba6\SortBn1Laba6\Source.cpp(89,18): warning C4838: Преобразование из "int" в "char" требует сужающего преобразования.
C:\Users\Alex\source\repos\SortBn1Laba6\SortBn1Laba6\Source.cpp(89,23): warning C4305: инициализация: усечение из "int" в "char"
C:\Users\Alex\source\repos\SortBn1Laba6\SortBn1Laba6\Source.cpp(89,18): warning C4309: инициализация: усечение константного значения
